11-08 15:06:22 Kicad_action_plugins-master.replicate_layout.action_replicate_layout 305:Plugin executed on: 'win32'
11-08 15:06:22 Kicad_action_plugins-master.replicate_layout.action_replicate_layout 306:Plugin executed with python version: '2.7.18 (default, Apr 20 2020, 16:57:11)  [GCC 9.3.0 64 bit (AMD64)]'
11-08 15:06:22 Kicad_action_plugins-master.replicate_layout.action_replicate_layout 307:KiCad build version: (5.1.9)-1
11-08 15:06:22 Kicad_action_plugins-master.replicate_layout.action_replicate_layout 308:Replicate layout plugin version: 70 started
11-08 15:06:22 Kicad_action_plugins-master.replicate_layout.action_replicate_layout 340:Preparing replicator with U28 as a reference
11-08 15:06:22 Kicad_action_plugins-master.replicate_layout.replicatelayout 215:getting project hierarchy from schematics
11-08 15:06:22 Kicad_action_plugins-master.replicate_layout.replicatelayout 217:Project hierarchy looks like:
{u'6171C819': [u'Detector1', u'C:\\Users\\Jacob\\Documents\\KiCAD\\ncsu-freedm-srdes-21\\MC-FO\\Detector_Circuits.sch'], u'6175C442': [u'Voltage Regulation', u'C:\\Users\\Jacob\\Documents\\KiCAD\\ncsu-freedm-srdes-21\\MC-FO\\Voltage_Regulation.sch'], u'61717EAF': [u'Emitter1', u'C:\\Users\\Jacob\\Documents\\KiCAD\\ncsu-freedm-srdes-21\\MC-FO\\Emitter_Circuits.sch'], u'6176CA81': [u'Emitter5', u'C:\\Users\\Jacob\\Documents\\KiCAD\\ncsu-freedm-srdes-21\\MC-FO\\Emitter_Circuits.sch'], u'6176CAE4': [u'Emitter6', u'C:\\Users\\Jacob\\Documents\\KiCAD\\ncsu-freedm-srdes-21\\MC-FO\\Emitter_Circuits.sch'], u'61750A2A': [u'Emitter3', u'C:\\Users\\Jacob\\Documents\\KiCAD\\ncsu-freedm-srdes-21\\MC-FO\\Emitter_Circuits.sch'], u'617509F7': [u'Emmiter2', u'C:\\Users\\Jacob\\Documents\\KiCAD\\ncsu-freedm-srdes-21\\MC-FO\\Emitter_Circuits.sch'], u'6176CA10': [u'Emitter4', u'C:\\Users\\Jacob\\Documents\\KiCAD\\ncsu-freedm-srdes-21\\MC-FO\\Emitter_Circuits.sch'], u'6175812E': [u'Status LED', u'C:\\Users\\Jacob\\Documents\\KiCAD\\ncsu-freedm-srdes-21\\MC-FO\\MC-LED.sch']}
11-08 15:06:22 Kicad_action_plugins-master.replicate_layout.replicatelayout 225:getting a list of all footprints on board
11-08 15:06:22 Kicad_action_plugins-master.replicate_layout.action_replicate_layout 367:source anchor footprint is u'U28'
Located on:[u'Emitter1']
With filenames:[u'Emitter_Circuits.sch']
With sheet_id:[u'Emitter1']
11-08 15:06:22 Kicad_action_plugins-master.replicate_layout.action_replicate_layout 371:Corresponding footprints are 
[(u'U28', [u'Emitter1']), (u'U42', [u'Emmiter2']), (u'U62', [u'Emitter3']), (u'U82', [u'Emitter4']), (u'U102', [u'Emitter5']), (u'U122', [u'Emitter6'])]
11-08 15:06:22 Kicad_action_plugins-master.replicate_layout.action_replicate_layout 384:Showing dialog
11-08 15:06:22 Kicad_action_plugins-master.replicate_layout.action_replicate_layout 388:Pcbnew position: wx.Point(2391, -187)
11-08 15:06:22 Kicad_action_plugins-master.replicate_layout.action_replicate_layout 394:Display 0: wx.Rect(0, 0, 1920, 1080)
11-08 15:06:22 Kicad_action_plugins-master.replicate_layout.action_replicate_layout 394:Display 1: wx.Rect(2400, -178, 2100, 1313)
11-08 15:06:22 Kicad_action_plugins-master.replicate_layout.action_replicate_layout 398:Toolbar position: wx.Point(4261, -32)
11-08 15:06:22 Kicad_action_plugins-master.replicate_layout.action_replicate_layout 405:Dialog position: wx.Point(3948, -32)
11-08 15:06:24 Kicad_action_plugins-master.replicate_layout.replicatelayout 249:construcing a list of sheets suitable for replication on level:u'Emitter1', file:u'Emitter_Circuits.sch'
11-08 15:06:24 Kicad_action_plugins-master.replicate_layout.replicatelayout 256:Source sheet path up to the level:[u'Emitter1']
11-08 15:06:24 Kicad_action_plugins-master.replicate_layout.replicatelayout 260:Footprints on the sheets:
[u'U28', u'U42', u'U62', u'U82', u'U102', u'U122']
11-08 15:06:24 Kicad_action_plugins-master.replicate_layout.replicatelayout 263:Footprints raw sheet ids:
[u'/61717EAF/61778B54', u'/617509F7/61778B54', u'/61750A2A/61778B54', u'/6176CA10/61778B54', u'/6176CA81/61778B54', u'/6176CAE4/61778B54']
11-08 15:06:24 Kicad_action_plugins-master.replicate_layout.replicatelayout 279:All sheets to replicate:
[[u'Emitter1'], [u'Emmiter2'], [u'Emitter3'], [u'Emitter4'], [u'Emitter5'], [u'Emitter6']]
11-08 15:06:24 Kicad_action_plugins-master.replicate_layout.replicatelayout 284:All sheets to replicate sorted:
[[u'Emitter1'], [u'Emitter3'], [u'Emitter4'], [u'Emitter5'], [u'Emitter6'], [u'Emmiter2']]
11-08 15:06:24 Kicad_action_plugins-master.replicate_layout.replicatelayout 290:All sheets to replicate sorted and without source sheet:
[[u'Emitter3'], [u'Emitter4'], [u'Emitter5'], [u'Emitter6'], [u'Emmiter2']]
11-08 15:06:27 Kicad_action_plugins-master.replicate_layout.replicatelayout 249:construcing a list of sheets suitable for replication on level:u'Emitter1', file:u'Emitter_Circuits.sch'
11-08 15:06:27 Kicad_action_plugins-master.replicate_layout.replicatelayout 256:Source sheet path up to the level:[u'Emitter1']
11-08 15:06:27 Kicad_action_plugins-master.replicate_layout.replicatelayout 260:Footprints on the sheets:
[u'U28', u'U42', u'U62', u'U82', u'U102', u'U122']
11-08 15:06:27 Kicad_action_plugins-master.replicate_layout.replicatelayout 263:Footprints raw sheet ids:
[u'/61717EAF/61778B54', u'/617509F7/61778B54', u'/61750A2A/61778B54', u'/6176CA10/61778B54', u'/6176CA81/61778B54', u'/6176CAE4/61778B54']
11-08 15:06:27 Kicad_action_plugins-master.replicate_layout.replicatelayout 279:All sheets to replicate:
[[u'Emitter1'], [u'Emmiter2'], [u'Emitter3'], [u'Emitter4'], [u'Emitter5'], [u'Emitter6']]
11-08 15:06:27 Kicad_action_plugins-master.replicate_layout.replicatelayout 284:All sheets to replicate sorted:
[[u'Emitter1'], [u'Emitter3'], [u'Emitter4'], [u'Emitter5'], [u'Emitter6'], [u'Emmiter2']]
11-08 15:06:27 Kicad_action_plugins-master.replicate_layout.replicatelayout 290:All sheets to replicate sorted and without source sheet:
[[u'Emitter3'], [u'Emitter4'], [u'Emitter5'], [u'Emitter6'], [u'Emmiter2']]
11-08 15:06:27 Kicad_action_plugins-master.replicate_layout.action_replicate_layout 179:Replicating layout
11-08 15:06:27 Kicad_action_plugins-master.replicate_layout.replicatelayout 994:Starting replication of sheets: [[u'Emitter3'], [u'Emitter4'], [u'Emitter5'], [u'Emitter6'], [u'Emmiter2']]
on level: [u'Emitter1']
with tracks=True, zone=True, text=True, containing=True, remove=False, locked=False
11-08 15:06:27 root 261:updating GUI message: 'Preparing for replication'
11-08 15:06:27 root 266:updating GUI with: 0
11-08 15:06:27 Kicad_action_plugins-master.replicate_layout.replicatelayout 556:Getting the list of source footprints
11-08 15:06:27 Kicad_action_plugins-master.replicate_layout.replicatelayout 560:Getting the list of all the remaining footprints
11-08 15:06:27 Kicad_action_plugins-master.replicate_layout.replicatelayout 564:Getting nets local to source footprints
11-08 15:06:27 Kicad_action_plugins-master.replicate_layout.replicatelayout 568:Getting source bounding box
11-08 15:06:27 root 266:updating GUI with: 37
11-08 15:06:27 Kicad_action_plugins-master.replicate_layout.replicatelayout 572:Getting source tracks
11-08 15:06:27 Kicad_action_plugins-master.replicate_layout.replicatelayout 576:Getting source zones
11-08 15:06:27 root 266:updating GUI with: 62
11-08 15:06:27 Kicad_action_plugins-master.replicate_layout.replicatelayout 580:Getting source text items
11-08 15:06:27 Kicad_action_plugins-master.replicate_layout.replicatelayout 584:Getting source text items
11-08 15:06:27 root 261:updating GUI message: 'Replicating footprints'
11-08 15:06:27 Kicad_action_plugins-master.replicate_layout.replicatelayout 590:Replicating footprints
11-08 15:06:27 Kicad_action_plugins-master.replicate_layout.replicatelayout 596:Replicating footprints on sheet [u'Emitter3']
11-08 15:06:27 root 266:updating GUI with: 20
11-08 15:06:27 Kicad_action_plugins-master.replicate_layout.replicatelayout 596:Replicating footprints on sheet [u'Emitter4']
11-08 15:06:27 Kicad_action_plugins-master.replicate_layout.replicatelayout 596:Replicating footprints on sheet [u'Emitter5']
11-08 15:06:27 root 266:updating GUI with: 48
11-08 15:06:27 Kicad_action_plugins-master.replicate_layout.replicatelayout 596:Replicating footprints on sheet [u'Emitter6']
11-08 15:06:27 root 266:updating GUI with: 75
11-08 15:06:27 Kicad_action_plugins-master.replicate_layout.replicatelayout 596:Replicating footprints on sheet [u'Emmiter2']
11-08 15:06:27 root 261:updating GUI message: 'Replicating tracks'
11-08 15:06:27 Kicad_action_plugins-master.replicate_layout.replicatelayout 720:Replicating tracks
11-08 15:06:27 Kicad_action_plugins-master.replicate_layout.replicatelayout 726:Replicating tracks on sheet [u'Emitter3']
11-08 15:06:27 root 266:updating GUI with: 0
11-08 15:06:27 Kicad_action_plugins-master.replicate_layout.replicatelayout 726:Replicating tracks on sheet [u'Emitter4']
11-08 15:06:27 Kicad_action_plugins-master.replicate_layout.replicatelayout 726:Replicating tracks on sheet [u'Emitter5']
11-08 15:06:27 root 266:updating GUI with: 40
11-08 15:06:27 Kicad_action_plugins-master.replicate_layout.replicatelayout 726:Replicating tracks on sheet [u'Emitter6']
11-08 15:06:27 Kicad_action_plugins-master.replicate_layout.replicatelayout 726:Replicating tracks on sheet [u'Emmiter2']
11-08 15:06:27 root 266:updating GUI with: 81
11-08 15:06:27 root 261:updating GUI message: 'Replicating zones'
11-08 15:06:27 Kicad_action_plugins-master.replicate_layout.replicatelayout 771:Replicating zones
11-08 15:06:27 Kicad_action_plugins-master.replicate_layout.replicatelayout 778:Replicating zones on sheet [u'Emitter3']
11-08 15:06:27 Kicad_action_plugins-master.replicate_layout.replicatelayout 778:Replicating zones on sheet [u'Emitter4']
11-08 15:06:27 Kicad_action_plugins-master.replicate_layout.replicatelayout 778:Replicating zones on sheet [u'Emitter5']
11-08 15:06:27 root 266:updating GUI with: 60
11-08 15:06:27 Kicad_action_plugins-master.replicate_layout.replicatelayout 778:Replicating zones on sheet [u'Emitter6']
11-08 15:06:27 Kicad_action_plugins-master.replicate_layout.replicatelayout 778:Replicating zones on sheet [u'Emmiter2']
11-08 15:06:27 root 261:updating GUI message: 'Replicating text'
11-08 15:06:27 Kicad_action_plugins-master.replicate_layout.replicatelayout 837:Replicating text
11-08 15:06:27 Kicad_action_plugins-master.replicate_layout.replicatelayout 844:Replicating text on sheet [u'Emitter3']
11-08 15:06:27 Kicad_action_plugins-master.replicate_layout.replicatelayout 844:Replicating text on sheet [u'Emitter4']
11-08 15:06:27 Kicad_action_plugins-master.replicate_layout.replicatelayout 844:Replicating text on sheet [u'Emitter5']
11-08 15:06:27 Kicad_action_plugins-master.replicate_layout.replicatelayout 844:Replicating text on sheet [u'Emitter6']
11-08 15:06:27 Kicad_action_plugins-master.replicate_layout.replicatelayout 844:Replicating text on sheet [u'Emmiter2']
11-08 15:06:27 root 261:updating GUI message: 'Replicating drawings'
11-08 15:06:27 Kicad_action_plugins-master.replicate_layout.replicatelayout 868:Replicating drawings
11-08 15:06:27 Kicad_action_plugins-master.replicate_layout.replicatelayout 874:Replicating drawings on sheet [u'Emitter3']
11-08 15:06:27 Kicad_action_plugins-master.replicate_layout.replicatelayout 874:Replicating drawings on sheet [u'Emitter4']
11-08 15:06:27 Kicad_action_plugins-master.replicate_layout.replicatelayout 874:Replicating drawings on sheet [u'Emitter5']
11-08 15:06:27 Kicad_action_plugins-master.replicate_layout.replicatelayout 874:Replicating drawings on sheet [u'Emitter6']
11-08 15:06:27 Kicad_action_plugins-master.replicate_layout.replicatelayout 874:Replicating drawings on sheet [u'Emmiter2']
11-08 15:06:27 root 261:updating GUI message: 'Removing duplicates'
11-08 15:06:27 Kicad_action_plugins-master.replicate_layout.action_replicate_layout 201:Replication complete
